<?xml version="1.0" encoding="UTF-8"?>
<!-- Generated by org.testng.reporters.JUnitReportReporter -->
<testsuite skipped="0" hostname="DESKTOP-Q0HAJ3B" name="test.DuplicatedTest" tests="1" failures="0" timestamp="2023-04-04T11:33:51 EDT" time="6.426" errors="0">
  <testcase name="ValidateDuplicatedTest" time="6.426" classname="test.DuplicatedTest"/>
  <system-out/>
</testsuite> <!-- test.DuplicatedTest -->
