<?xml version="1.0" encoding="UTF-8"?>
<!-- Generated by org.testng.reporters.JUnitReportReporter -->
<testsuite skipped="0" hostname="DESKTOP-Q0HAJ3B" name="test.ValidateAll$validateAll" tests="1" failures="0" timestamp="2023-04-05T17:44:47 EDT" time="8.958" errors="0">
  <testcase name="ValidateAllTest" time="8.958" classname="test.ValidateAll$validateAll"/>
  <system-out/>
</testsuite> <!-- test.ValidateAll$validateAll -->
