<?xml version="1.0" encoding="UTF-8"?>
<!-- Generated by org.testng.reporters.JUnitReportReporter -->
<testsuite skipped="0" hostname="DESKTOP-Q0HAJ3B" name="test.MonthDropdownTest" tests="1" failures="0" timestamp="2023-04-03T17:24:42 EDT" time="4.614" errors="0">
  <testcase name="ValidateMonthDropdownTest" time="4.614" classname="test.MonthDropdownTest"/>
  <system-out/>
</testsuite> <!-- test.MonthDropdownTest -->
